[I 2025-08-25 16:50:26,940] Trial 16 finished with value: 0.7891381923304376 and parameters: {'sex_loss_weight': 0.2, 'handedness_loss_weight': 0.4, 'limbs_length_loss_weight': 0.6}. Best is trial 13 with value: 0.7930391930551096.
fold 1 stopped at 26 score: 0.7805836143190625
fold 3 stopped at 26 score: 0.7866662913796245
fold 5 stopped at 26 score: 0.7503735543106016
fold 4 stopped at 30 score: 0.7824470880532
fold 0 stopped at 31 score: 0.799994688711174
fold 2 stopped at 35 score: 0.7680607491624458
done in 104.82s, mean score: final_metric    0.786052
dtype: float64
/venv/CMI/lib/python3.11/site-packages/optuna/study/_tell.py:66: FutureWarning: Calling float on a single element Series is deprecated and will raise a TypeError in the future. Use float(ser.iloc[0]) instead
  float(v)
/venv/CMI/lib/python3.11/site-packages/optuna/study/_tell.py:70: FutureWarning: Calling float on a single element Series is deprecated and will raise a TypeError in the future. Use float(ser.iloc[0]) instead
  if math.isnan(v):
/venv/CMI/lib/python3.11/site-packages/optuna/study/_tell.py:167: FutureWarning: Calling float on a single element Series is deprecated and will raise a TypeError in the future. Use float(ser.iloc[0]) instead
  values = [float(value) for value in values]
[I 2025-08-25 16:52:16,381] Trial 17 finished with value: 0.7860516898963019 and parameters: {'sex_loss_weight': 0.6, 'handedness_loss_weight': 0.0, 'limbs_length_loss_weight': 0.4}. Best is trial 13 with value: 0.7930391930551096.
fold 0 stopped at 26 score: 0.8104086336743088
fold 2 stopped at 35 score: 0.782666517196607
fold 1 stopped at 35 score: 0.79456477090986
fold 3 stopped at 35 score: 0.7986063277053648
fold 5 stopped at 35 score: 0.756459786650459
fold 4 stopped at 35 score: 0.7901875125809397
done in 105.14s, mean score: final_metric    0.793039
dtype: float64
/venv/CMI/lib/python3.11/site-packages/optuna/study/_tell.py:66: FutureWarning: Calling float on a single element Series is deprecated and will raise a TypeError in the future. Use float(ser.iloc[0]) instead
  float(v)
/venv/CMI/lib/python3.11/site-packages/optuna/study/_tell.py:70: FutureWarning: Calling float on a single element Series is deprecated and will raise a TypeError in the future. Use float(ser.iloc[0]) instead
  if math.isnan(v):
/venv/CMI/lib/python3.11/site-packages/optuna/study/_tell.py:167: FutureWarning: Calling float on a single element Series is deprecated and will raise a TypeError in the future. Use float(ser.iloc[0]) instead
  values = [float(value) for value in values]
[I 2025-08-25 16:54:06,163] Trial 18 finished with value: 0.7930391930551096 and parameters: {'sex_loss_weight': 0.2, 'handedness_loss_weight': 0.2, 'limbs_length_loss_weight': 0.2}. Best is trial 13 with value: 0.7930391930551096.
fold 0 stopped at 30 score: 0.8007056765414495
fold 2 stopped at 30 score: 0.7657560428953563
fold 1 stopped at 30 score: 0.7926256664644118
fold 3 stopped at 34 score: 0.7913524244162569
fold 5 stopped at 35 score: 0.7599785359186033
fold 4 stopped at 35 score: 0.7904724240018921
done in 105.57s, mean score: final_metric    0.789138
dtype: float64
/venv/CMI/lib/python3.11/site-packages/optuna/study/_tell.py:66: FutureWarning: Calling float on a single element Series is deprecated and will raise a TypeError in the future. Use float(ser.iloc[0]) instead
  float(v)
/venv/CMI/lib/python3.11/site-packages/optuna/study/_tell.py:70: FutureWarning: Calling float on a single element Series is deprecated and will raise a TypeError in the future. Use float(ser.iloc[0]) instead
  if math.isnan(v):
/venv/CMI/lib/python3.11/site-packages/optuna/study/_tell.py:167: FutureWarning: Calling float on a single element Series is deprecated and will raise a TypeError in the future. Use float(ser.iloc[0]) instead
  values = [float(value) for value in values]
[I 2025-08-25 16:55:56,429] Trial 19 finished with value: 0.7891381923304376 and parameters: {'sex_loss_weight': 0.2, 'handedness_loss_weight': 0.4, 'limbs_length_loss_weight': 0.4}. Best is trial 13 with value: 0.7930391930551096.
fold 3 stopped at 26 score: 0.7980705644516515
fold 1 stopped at 26 score: 0.7855478158351161
fold 0 stopped at 30 score: 0.7973041563226623
fold 4 stopped at 30 score: 0.7886904498985774
fold 5 stopped at 35 score: 0.7499332893939763
fold 2 stopped at 35 score: 0.7742216517846146
done in 105.26s, mean score: final_metric    0.788741
dtype: float64
/venv/CMI/lib/python3.11/site-packages/optuna/study/_tell.py:66: FutureWarning: Calling float on a single element Series is deprecated and will raise a TypeError in the future. Use float(ser.iloc[0]) instead
  float(v)
/venv/CMI/lib/python3.11/site-packages/optuna/study/_tell.py:70: FutureWarning: Calling float on a single element Series is deprecated and will raise a TypeError in the future. Use float(ser.iloc[0]) instead
  if math.isnan(v):
/venv/CMI/lib/python3.11/site-packages/optuna/study/_tell.py:167: FutureWarning: Calling float on a single element Series is deprecated and will raise a TypeError in the future. Use float(ser.iloc[0]) instead
  values = [float(value) for value in values]
[I 2025-08-25 16:57:46,347] Trial 20 finished with value: 0.7887405890929052 and parameters: {'sex_loss_weight': 0.4, 'handedness_loss_weight': 0.0, 'limbs_length_loss_weight': 0.2}. Best is trial 13 with value: 0.7930391930551096.
